<?xml version="1.0" encoding="UTF-8"?>
<testsuite xmlns:xsi="http://www.w3.org/2001/XMLSchema-instance" xsi:noNamespaceSchemaLocation="https://maven.apache.org/surefire/maven-surefire-plugin/xsd/surefire-test-report.xsd" name="ScraperTest" time="0.032" tests="8" errors="0" skipped="0" failures="0">
  <properties>
[...]
</properties>
  <testcase name="CardAnnotationTest" classname="ScraperTest" time="0.005"/>
  <testcase name="Scraper1Test" classname="ScraperTest" time="0.005"/>
  <testcase name="Scraper2Test" classname="ScraperTest" time="0.002"/>
  <testcase name="Scraper3Test" classname="ScraperTest" time="0.002"/>
  <testcase name="Scraper4Test" classname="ScraperTest" time="0.002"/>
  <testcase name="Scraper5Test" classname="ScraperTest" time="0.001"/>
  <testcase name="OptionAnnotationTest" classname="ScraperTest" time="0.002"/>
  <testcase name="ScraperManagerTest" classname="ScraperTest" time="0.002"/>
</testsuite>